<?xml version="1.0" encoding="UTF-8"?>
<!-- Generated by org.testng.reporters.JUnitReportReporter -->
<testsuite hostname="PURANSH" failures="0" tests="1" name="computers.TC_DWS_011_Test" time="4.215" errors="0" timestamp="2025-08-04T07:52:02 CEST" skipped="0">
  <testcase classname="computers.TC_DWS_011_Test" name="clickOnComputers" time="4.215"/>
</testsuite> <!-- computers.TC_DWS_011_Test -->
