<?xml version="1.0" encoding="UTF-8"?>
<!-- Generated by org.testng.reporters.JUnitReportReporter -->
<testsuite hostname="PURANSH" failures="0" tests="1" name="electronics.TC_DWS_021_Test" time="2.830" errors="0" timestamp="2025-08-04T07:52:02 CEST" skipped="0">
  <testcase classname="electronics.TC_DWS_021_Test" name="clickOnElectronics" time="2.830"/>
</testsuite> <!-- electronics.TC_DWS_021_Test -->
