<?xml version="1.0" encoding="UTF-8"?>
<!-- Generated by org.testng.reporters.JUnitReportReporter -->
<testsuite hostname="PURANSH" failures="0" tests="1" name="books.TC_DWS_001_Test" time="3.254" errors="0" timestamp="2025-08-04T07:52:02 CEST" skipped="0">
  <testcase classname="books.TC_DWS_001_Test" name="clickOnBooks" time="3.254"/>
</testsuite> <!-- books.TC_DWS_001_Test -->
