<?xml version="1.0" encoding="UTF-8"?>
<!-- Generated by org.testng.reporters.JUnitReportReporter -->
<testsuite hostname="PURANSH" failures="0" tests="1" name="giftcard.TC_DWS_032_Test" time="10.306" errors="0" timestamp="2025-08-04T08:34:23 CEST" skipped="0">
  <testcase classname="giftcard.TC_DWS_032_Test" name="clickOnGiftcard" time="10.306"/>
</testsuite> <!-- giftcard.TC_DWS_032_Test -->
