<?xml version="1.0" encoding="UTF-8"?>
<!-- Generated by org.testng.reporters.JUnitReportReporter -->
<testsuite hostname="PURANSH" failures="0" tests="1" name="giftcard.TC_DWS_031_Test" time="3.372" errors="0" timestamp="2025-08-04T07:52:02 CEST" skipped="0">
  <testcase classname="giftcard.TC_DWS_031_Test" name="clickOnJewelry" time="3.372"/>
</testsuite> <!-- giftcard.TC_DWS_031_Test -->
